Arguments: 
  C:\Program Files\nodejs\node.exe C:\Program Files (x86)\Yarn\bin\yarn.js

PATH: 
  C:\Python27\;C:\Python27\Scripts;C:\ProgramData\Oracle\Java\javapath;C:\Program Files (x86)\Intel\iCLS Client\;C:\Program Files\Intel\iCLS Client\;C:\Windows\system32;C:\Windows;C:\Windows\System32\Wbem;C:\Windows\System32\WindowsPowerShell\v1.0\;C:\Program Files (x86)\Intel\Intel(R) Management Engine Components\DAL;C:\Program Files\Intel\Intel(R) Management Engine Components\DAL;C:\Program Files (x86)\Intel\Intel(R) Management Engine Components\IPT;C:\Program Files\Intel\Intel(R) Management Engine Components\IPT;C:\Program Files (x86)\NVIDIA Corporation\PhysX\Common;C:\Program Files\Intel\WiFi\bin\;C:\Program Files\Common Files\Intel\WirelessCommon\;C:\Program Files\Git\cmd;C:\Program Files\PuTTY\;C:\Program Files\apache-maven-3.5.0\bin;C:\WINDOWS\system32;C:\WINDOWS;C:\WINDOWS\System32\Wbem;C:\WINDOWS\System32\WindowsPowerShell\v1.0\;C:\Program Files (x86)\QuickTime\QTSystem\;C:\Program Files (x86)\Yarn\bin;C:\Users\ABrownApple\AppData\Roaming\npm;C:\ProgramData\chocolatey\bin;C:\Program Files\nodejs\;C:\Program Files\Java\jdk1.8.0_152\bin;C:\Users\ABrownApple\AppData\Local\Microsoft\WindowsApps;C:\Users\ABrownApple\AppData\Local\atom\bin;C:\Users\ABrownApple\AppData\Local\Microsoft\WindowsApps;C:\Program Files (x86)\Microsoft VS Code\bin;C:\Users\ABrownApple\AppData\Local\Yarn\bin;C:\Users\ABrownApple\AppData\Roaming\npm;C:\Users\ABrownApple\AppData\Local\Android\Sdk\platform-tools;

Yarn version: 
  1.3.2

Node version: 
  9.2.0

Platform: 
  win32 x64

npm manifest: 
  {
    "name": "hello-world",
    "version": "0.1.0",
    "private": true,
    "devDependencies": {
      "react-scripts": "0.6.1"
    },
    "dependencies": {
      "react": "^15.3.2",
      "react-dom": "^15.3.2",
      "react-motion": "^0.4.5",
      "react-swipeable-views": "^0.8.0"
    },
    "scripts": {
      "start": "react-scripts start",
      "build": "react-scripts build",
      "test": "react-scripts test --env=jsdom",
      "eject": "react-scripts eject"
    }
  }

yarn manifest: 
  No manifest

Lockfile: 
  No lockfile

Trace: 
  Error: EPERM: operation not permitted, copyfile 'C:\Users\ABrownApple\AppData\Local\Yarn\cache\v1\npm-react-scripts-0.6.1-526cc472ae0c0de6bc4fdcbb198af2a62c6d4671\node_modules\promise\lib\es6-extensions.js' -> 'C:\Users\ABrownApple\Documents\Projects\my_portfolio\node_modules\react-scripts\node_modules\promise\lib\es6-extensions.js'
